16bit.cmm
1z5s_10_anchors.cmm
1z5s_15_14_anchors.cmm
1z5s_4_anchors.cmm
1z5s_A_3_anchors.cmm
1z5s_A_5_anchors.cmm
amse2.cmm
ap20_avp_jtag_setup.cmm
ap20_avp_power_cpu.cmm
ap20_cpu_clock_enable.cmm
ap20_cpu_halt.cmm
ap20_cpu_jtag_setup.cmm
ap20_cpu_mp_jtag_setup.cmm
ap20_cpu_power_enable.cmm
ap20_cpu_ptm_setup.cmm
ap20_cpu_up_jtag_setup.cmm
ap20_fpga_net15_13mhz_init_sdram.cmm
ap20_hynix_ddr2_533_init_sdram.cmm
app_debug.cmm
Apply.cmm
app_page_load.cmm
ar9_ddr111_boot.cmm
arith.cmm
arithmetics.cmm
armada_370.cmm
armada_375.cmm
armada_38x_39x.cmm
armada_xp.cmm
armada_xp_smp.cmm
array.cmm
Assembler.cmm
assign.cmm
attach.cmm
attach_mt6516.cmm
autoload.cmm
avanta_lp.cmm
avp_attach.cmm
avp_boot_attach.cmm
avp_boot_ml.cmm
avp_boot_nor.cmm
avp_boot_rom.cmm
avp_boot_sdram.cmm
avp_boot_sdram_noreset.cmm
avp_init_cpu.cmm
avp_menu_setup.cmm
avp_mp_setup.cmm
avp_nor_prog.cmm
avp_power_cpu.cmm
avp_start_cpu.cmm
block.cmm
break.cmm
bubble_sort.cmm
bubbleSort.cmm
CAScanQRcode.cmm
CastFloatWord.cmm
catch-float.cmm
catch-multiple.cmm
catch-rec.cmm
catch-rec-deadhandler.cmm
catch-try.cmm
catch-try-float.cmm
cgrun069_cmm.cmm
checkbound.cmm
ch_sec_nsec.cmm
closure1.cmm
closure2.cmm
cmm001.cmm
cmm002.cmm
CmmHooks.cmm
Compact.cmm
compOP.cmm
config_a11.cmm
config_scorpion.cmm
cps001.cmm
cps002.cmm
cps003.cmm
cps004.cmm
cps005.cmm
cps006.cmm
cps007.cmm
cps008.cmm
cps009.cmm
cps010.cmm
cps011.cmm
cps012.cmm
cps013.cmm
cps014.cmm
cps015.cmm
cps016.cmm
cps017.cmm
cps018.cmm
cps019.cmm
cps020.cmm
cps021.cmm
cps022.cmm
cps023.cmm
cps024.cmm
cps025.cmm
cps026.cmm
cps027.cmm
cps028.cmm
cpu_attach.cmm
cpu_boot_attach.cmm
cpu_boot_nor.cmm
cpu_boot_sdram.cmm
cpu_boot_sdram_noload.cmm
cpu_dcc_setup.cmm
cpu_dcc_swi_setup.cmm
cpu_disable_mmu.cmm
cpu_kernel_attach.cmm
cpu_kernel_load.cmm
cpu_lk.cmm
cpu_lk_manual.cmm
cpu_menu_setup.cmm
cpu_mp_attach.cmm
cpu_select.cmm
cpu_up_attach.cmm
crc16-prim.cmm
csite_cpu.cmm
ddr2_8bit.cmm
debug_cb_405.cmm
debug_cb_845.cmm
debug_cb_common.cmm
debug_cb_trogdor.cmm
debug_chroot_common.cmm
debug_chroot_trogdor.cmm
debug.cmm
DebugSMEM.cmm
DebugTools.cmm
define.cmm
develop_mt6516.cmm
dup-prim.cmm
EfiLoadDxe.cmm
EfiLoadFv.cmm
EfiProcessPeImage.cmm
EfiProcessTeImage.cmm
equality.cmm
etb_sim_import_acore.cmm
etb_sim_import_ccore.cmm
etb_trace_a9.cmm
etb_trace_a9_k3.cmm
even-odd.cmm
even-odd-spill.cmm
even-odd-spill-float.cmm
example.cmm
Exception.cmm
ext_sec_dump.cmm
fbl.cmm
fib.cmm
fibonacci.cmm
findstring.cmm
flash.cmm
flash_download.cmm
format_range.cmm
function.cmm
G2_ASIC_core0.cmm
gcd.cmm
gmp-extras.cmm
gmp-wrappers.cmm
grid1.cmm
grid.cmm
GriddersFFIprim.cmm
hashmap.cmm
HeapPrim.cmm
HeapStackCheck.cmm
hnx100_ddr1_200_config.cmm
hnx100_ddr2_200_config.cmm
holes.cmm
if.cmm
immediates.cmm
init.cmm
insertion_sort.cmm
integr.cmm
invariants.cmm
kernel.cmm
kw_dimm200.cmm
kw_dimm400.cmm
lauterbach.cmm
lib_symbol.cmm
linux.cmm
linux_debug.cmm
lk.cmm
load_acore.cmm
load_ccore.cmm
load_ccore_k3.cmm
load_mcore.cmm
logicOP.cmm
logparser.cmm
main.cmm
Main.cmm
Makefile.cmm
memcpy.cmm
memcpy-unroll.cmm
memcpy-unroll-conprop.cmm
memset-unroll.cmm
minmaxsum.cmm
mod_debug.cmm
mpfr-wrappers.cmm
msys.cmm
MT6572_EMI_Init.cmm
mt6572-evb.cmm
mt6572-evb_download_flag.cmm
MT6572_EVB_LK.cmm
mt6572-fpga.cmm
MT6572_FPGA_LK.cmm
MT6572_FPGA_SDR.cmm
MT6572_LK_attach.cmm
mt6572-phone.cmm
MT6572_Phone_LK.cmm
MT6572_PLL_Init.cmm
mt6573-evb.cmm
MT6573_EVB_DDR.cmm
MT6573_FPGA_DDR.cmm
MT6573NFI.cmm
MT6573_UBOOT.cmm
mt6575-evb.cmm
MT6575_EVB_DDR.cmm
MT6575_EVB_LK.cmm
MT6575_EVB_PLL.cmm
mt6577-evb.cmm
MT6577_EVB_DDR.cmm
MT6577_EVB_LK.cmm
MT6577_EVB_PLL.cmm
mt6582-fpga.cmm
MT6582_FPGA_LK.cmm
MT6582_FPGA_SDR.cmm
mt6589-evb.cmm
mt6589-fpga.cmm
MT6589_FPGA_LK.cmm
MT6589_FPGA_SDR.cmm
MT6589_LK_attach.cmm
mvar.cmm
nandwrite.cmm
newtest.cmm
no_spills.cmm
nvrm_clocks_limits.cmm
nvrm_power_dfs.cmm
op.cmm
operation.cmm
osek_debug.cmm
OskarFFIprim.cmm
params.cmm
parsemactrace.cmm
path
pgcd.cmm
physical_setup.cmm
pi2.cmm
pi3.cmm
PLL_CONFIG_MT6573.cmm
plusOP.cmm
PopCnt_cmm.cmm
preloader.cmm
prim.cmm
PrimOps.cmm
project.cmm
quicksort2.cmm
quick_sort.cmm
quicksort.cmm
rd_fs_list.cmm
rd_get_kernel_log.cmm
rd_print_task_MEM.cmm
rd_print_tasks.cmm
rd_print_task_vmas.cmm
rd_sync_task_mm.cmm
rd_walk_list.cmm
reset_reason_k3.cmm
return.cmm
returnexp.cmm
rh850_autodetect.cmm
sample.cmm
scope.cmm
segv.cmm
selfloop.cmm
setup_customer_environment.cmm
setup_environment.cmm
simple_assign.cmm
smallArray.cmm
smemlog.cmm
soc_reg.cmm
soli.cmm
spin_avp.cmm
startup.cmm
StgMiscClosures.cmm
StgStartup.cmm
StgStdThunks.cmm
SystemInit_app.cmm
SystemInit_comm.cmm
T10518.cmm
T11076_prim.cmm
T14999.cmm
T15188.cmm
t30_avp_jtag_setup.cmm
t30_avp_mp_setup.cmm
t30_avp_power_cpu.cmm
t30_cardhu_300mhz_ddr3_init_sdram.cmm
t30_cpu_clock_enable.cmm
t30_cpu_dbg_req.cmm
t30_cpu_halt.cmm
t30_cpu_jtag_setup.cmm
t30_cpu_mp_jtag_setup.cmm
t30_cpu_power_enable.cmm
t30_cpu_ptm_setup.cmm
t30_cpu_up_jtag_setup.cmm
t30_E1186_Hynix_1GB_H5TC2G83BFR-PBA_667MHz_110519_init_cpu.cmm
t30_E1186_Hynix_2GB_H5TC2G83BFR-PBA_300MHz_110306_init_cpu.cmm
t30_E1187_Hynix_2GB_H5TC2G83BFR-PBA_533MHz_20110126_0515_init_cpu.cmm
t30_E1187_Hynix_2GB_H5TC2G83BFR-PBA_533MHz_20110126_0515_init_sdram.cmm
t30_fpga_net11_13mhz_ddr3_init_cpu.cmm
t30_fpga_net11_13mhz_ddr3_init_sdram.cmm
t30_fpga_net11_13mhz_lpddr2_init_cpu.cmm
t30_fpga_net11_13mhz_lpddr2_init_sdram.cmm
t30_fpga_set_memory_size.cmm
t31.cmm
t32.cmm
t32_customer.cmm
t33.cmm
T5149_cmm.cmm
T5423_cmm.cmm
T7571.cmm
T7574.cmm
T8131.cmm
t81.cmm
t82.cmm
t83.cmm
t84.cmm
t85.cmm
t86.cmm
T9050.cmm
T9329.cmm
tagged-fib.cmm
tagged-integr.cmm
tagged-quicksort.cmm
tagged-tak.cmm
tak.cmm
task_switch.cmm
task_switch_k3.cmm
tc4_cmm.cmm
t.cmm
_terminal2.cmm
_terminal3.cmm
_terminal4.cmm
_terminal5.cmm
_terminal.cmm
ternary.cmm
test0.cmm
test1.5.cmm
test1.cmm
test2.cmm
test3.cmm
test4.cmm
test5.cmm
test6.cmm
test7.cmm
test8.cmm
test9.cmm
test.cmm
teste.cmm
test-prims.cmm
thread.cmm
toolbar_setup.cmm
trace32_flash_debug.cmm
trace32_flash_debug_sans_init.cmm
trace32_flash_programmer.cmm
trace32_load_symbols.cmm
trace32_load_symbols_cygwin.cmm
trace_list.cmm
transients.cmm
u-boot_breakpoints.cmm
uboot.cmm
u-boot_EVB.cmm
u-boot_EVB_nosymbl.cmm
u-boot_EVK.cmm
u-boot_EVK_nosymbl.cmm
u-boot_load_kernel_symbol2.cmm
u-boot_load_kernel_symbol.cmm
u-boot_MT6516_EVB.cmm
u-boot_MT6516_PHN.cmm
u-boot_zImage.cmm
unary.cmm
unsupportedSymbols.cmm
Updates.cmm
user_config.cmm
user_config_customer.cmm
variable_declare.cmm
virtual_setup.cmm
Walker.cmm
wdt.cmm
while.cmm
window.cmm
windows.cmm
Wrapper.cmm
xrx200_ddr1_197_config.cmm
xrx200_ddr2_197_CAS4_config.cmm
