https://raw.githubusercontent.com/mcschroeder/ghc/master/testsuite/tests/cps/cps025.cmm
https://raw.githubusercontent.com/mcschroeder/ghc/master/rts/StgMiscClosures.cmm
https://raw.githubusercontent.com/mcschroeder/ghc/master/testsuite/tests/codeGen/should_gen_asm/memset-unroll.cmm
https://raw.githubusercontent.com/mcschroeder/ghc/master/testsuite/tests/cps/cps020.cmm
https://raw.githubusercontent.com/mcschroeder/ghc/master/testsuite/tests/codeGen/should_run/T5149_cmm.cmm
https://raw.githubusercontent.com/mcschroeder/ghc/master/testsuite/tests/cps/cps017.cmm
https://raw.githubusercontent.com/mcschroeder/ghc/master/testsuite/tests/cps/cps011.cmm
https://raw.githubusercontent.com/mcschroeder/ghc/master/testsuite/tests/codeGen/should_run/PopCnt_cmm.cmm
https://raw.githubusercontent.com/mcschroeder/ghc/master/rts/StgStdThunks.cmm
https://raw.githubusercontent.com/mcschroeder/ghc/master/testsuite/tests/cps/cps009.cmm
https://raw.githubusercontent.com/mcschroeder/ghc/master/testsuite/tests/codeGen/should_fail/T8131.cmm
https://raw.githubusercontent.com/mcschroeder/ghc/master/testsuite/tests/cps/cps007.cmm
https://raw.githubusercontent.com/mcschroeder/ghc/master/rts/HeapStackCheck.cmm
https://raw.githubusercontent.com/mcschroeder/ghc/master/testsuite/tests/cps/cps028.cmm
https://raw.githubusercontent.com/mcschroeder/ghc/master/rts/Apply.cmm
https://raw.githubusercontent.com/mcschroeder/ghc/master/testsuite/tests/cps/cps015.cmm
https://raw.githubusercontent.com/mcschroeder/ghc/master/testsuite/tests/stranal/should_run/T11076_prim.cmm
https://raw.githubusercontent.com/mcschroeder/ghc/master/rts/Exception.cmm
https://raw.githubusercontent.com/mcschroeder/ghc/master/testsuite/tests/cps/cps018.cmm
https://raw.githubusercontent.com/mcschroeder/ghc/master/testsuite/tests/codeGen/should_gen_asm/memcpy.cmm
https://raw.githubusercontent.com/mcschroeder/ghc/master/testsuite/tests/codeGen/should_run/cgrun069_cmm.cmm
https://raw.githubusercontent.com/mcschroeder/ghc/master/testsuite/tests/cps/cps003.cmm
https://raw.githubusercontent.com/mcschroeder/ghc/master/testsuite/tests/codeGen/should_compile/T7574.cmm
https://raw.githubusercontent.com/mcschroeder/ghc/master/testsuite/tests/cps/cps012.cmm
https://raw.githubusercontent.com/mcschroeder/ghc/master/testsuite/tests/cps/cps004.cmm
https://raw.githubusercontent.com/mcschroeder/ghc/master/testsuite/tests/codeGen/should_compile/T10518.cmm
https://raw.githubusercontent.com/mcschroeder/ghc/master/testsuite/tests/cps/cps023.cmm
https://raw.githubusercontent.com/mcschroeder/ghc/master/testsuite/tests/codeGen/should_compile/T9329.cmm
https://raw.githubusercontent.com/mcschroeder/ghc/master/testsuite/tests/rts/T5423_cmm.cmm
https://raw.githubusercontent.com/mcschroeder/ghc/master/testsuite/tests/cps/cps005.cmm
https://raw.githubusercontent.com/mcschroeder/ghc/master/testsuite/tests/cps/cps024.cmm
https://raw.githubusercontent.com/mcschroeder/ghc/master/rts/Updates.cmm
https://raw.githubusercontent.com/mcschroeder/ghc/master/testsuite/tests/driver/T7835/test-prims.cmm
https://raw.githubusercontent.com/mcschroeder/ghc/master/testsuite/tests/cps/cps006.cmm
https://raw.githubusercontent.com/mcschroeder/ghc/master/testsuite/tests/cps/cps016.cmm
https://raw.githubusercontent.com/mcschroeder/ghc/master/testsuite/tests/cps/cps022.cmm
https://raw.githubusercontent.com/mcschroeder/ghc/master/testsuite/tests/cps/cps014.cmm
https://raw.githubusercontent.com/mcschroeder/ghc/master/testsuite/tests/cps/cps019.cmm
https://raw.githubusercontent.com/mcschroeder/ghc/master/rts/StgStartup.cmm
https://raw.githubusercontent.com/mcschroeder/ghc/master/rts/PrimOps.cmm
https://raw.githubusercontent.com/mcschroeder/ghc/master/testsuite/tests/cps/cmm002.cmm
https://raw.githubusercontent.com/mcschroeder/ghc/master/testsuite/tests/cps/cps002.cmm
https://raw.githubusercontent.com/mcschroeder/ghc/master/testsuite/tests/codeGen/should_gen_asm/memcpy-unroll-conprop.cmm
https://raw.githubusercontent.com/mcschroeder/ghc/master/testsuite/tests/cps/cps013.cmm
https://raw.githubusercontent.com/mcschroeder/ghc/master/testsuite/tests/llvm/should_compile/T7571.cmm
https://raw.githubusercontent.com/mcschroeder/ghc/master/testsuite/tests/cps/cps001.cmm
https://raw.githubusercontent.com/mcschroeder/ghc/master/testsuite/tests/cps/cmm001.cmm
https://raw.githubusercontent.com/mcschroeder/ghc/master/testsuite/tests/codeGen/should_gen_asm/memcpy-unroll.cmm
https://raw.githubusercontent.com/mcschroeder/ghc/master/testsuite/tests/cps/cps008.cmm
https://raw.githubusercontent.com/mcschroeder/ghc/master/testsuite/tests/cps/cps010.cmm
https://raw.githubusercontent.com/mcschroeder/ghc/master/testsuite/tests/cps/cps026.cmm
https://raw.githubusercontent.com/mcschroeder/ghc/master/testsuite/tests/driver/T9050.cmm
https://raw.githubusercontent.com/mcschroeder/ghc/master/testsuite/tests/cps/cps027.cmm
https://raw.githubusercontent.com/mcschroeder/ghc/master/testsuite/tests/cps/cps021.cmm
https://raw.githubusercontent.com/idor/dk50-bootable_bootloader_lk/master/scripts/config_scorpion.cmm
https://raw.githubusercontent.com/idor/dk50-bootable_bootloader_lk/master/scripts/attach.cmm
https://raw.githubusercontent.com/idor/dk50-bootable_bootloader_lk/master/scripts/lk.cmm
https://raw.githubusercontent.com/idor/dk50-bootable_bootloader_lk/master/scripts/config_a11.cmm
https://raw.githubusercontent.com/jwiegley/ghc-release/master/tests/codeGen/should_compile/T7574.cmm
https://raw.githubusercontent.com/jwiegley/ghc-release/master/tests/cps/cps002.cmm
https://raw.githubusercontent.com/jwiegley/ghc-release/master/tests/cps/cps017.cmm
https://raw.githubusercontent.com/jwiegley/ghc-release/master/rts/StgStdThunks.cmm
https://raw.githubusercontent.com/jwiegley/ghc-release/master/rts/StgMiscClosures.cmm
https://raw.githubusercontent.com/jwiegley/ghc-release/master/tests/cps/cmm002.cmm
https://raw.githubusercontent.com/jwiegley/ghc-release/master/tests/llvm/should_compile/T7571.cmm
https://raw.githubusercontent.com/jwiegley/ghc-release/master/tests/cps/cps027.cmm
https://raw.githubusercontent.com/jwiegley/ghc-release/master/tests/cps/cps025.cmm
https://raw.githubusercontent.com/jwiegley/ghc-release/master/tests/cps/cps016.cmm
https://raw.githubusercontent.com/jwiegley/ghc-release/master/libraries/integer-gmp/cbits/gmp-wrappers.cmm
https://raw.githubusercontent.com/jwiegley/ghc-release/master/tests/cps/cps003.cmm
https://raw.githubusercontent.com/jwiegley/ghc-release/master/tests/cps/cmm001.cmm
https://raw.githubusercontent.com/jwiegley/ghc-release/master/tests/cps/cps014.cmm
https://raw.githubusercontent.com/jwiegley/ghc-release/master/rts/Exception.cmm
https://raw.githubusercontent.com/jwiegley/ghc-release/master/tests/cps/cps026.cmm
https://raw.githubusercontent.com/jwiegley/ghc-release/master/tests/cps/cps007.cmm
https://raw.githubusercontent.com/jwiegley/ghc-release/master/tests/cps/cps008.cmm
https://raw.githubusercontent.com/jwiegley/ghc-release/master/tests/cps/cps020.cmm
https://raw.githubusercontent.com/jwiegley/ghc-release/master/tests/cps/cps010.cmm
https://raw.githubusercontent.com/jwiegley/ghc-release/master/rts/Apply.cmm
https://raw.githubusercontent.com/jwiegley/ghc-release/master/tests/codeGen/should_gen_asm/memcpy-unroll-conprop.cmm
https://raw.githubusercontent.com/jwiegley/ghc-release/master/tests/cps/cps006.cmm
https://raw.githubusercontent.com/jwiegley/ghc-release/master/rts/Updates.cmm
https://raw.githubusercontent.com/jwiegley/ghc-release/master/tests/cps/cps028.cmm
https://raw.githubusercontent.com/jwiegley/ghc-release/master/tests/cps/cps018.cmm
https://raw.githubusercontent.com/jwiegley/ghc-release/master/tests/cps/cps004.cmm
https://raw.githubusercontent.com/jwiegley/ghc-release/master/tests/cps/cps005.cmm
https://raw.githubusercontent.com/jwiegley/ghc-release/master/rts/StgStartup.cmm
https://raw.githubusercontent.com/jwiegley/ghc-release/master/tests/cps/cps009.cmm
https://raw.githubusercontent.com/jwiegley/ghc-release/master/tests/cps/cps022.cmm
https://raw.githubusercontent.com/jwiegley/ghc-release/master/tests/codeGen/should_gen_asm/memcpy.cmm
https://raw.githubusercontent.com/jwiegley/ghc-release/master/tests/cps/cps021.cmm
https://raw.githubusercontent.com/jwiegley/ghc-release/master/tests/cps/cps015.cmm
https://raw.githubusercontent.com/jwiegley/ghc-release/master/tests/codeGen/should_gen_asm/memcpy-unroll.cmm
https://raw.githubusercontent.com/jwiegley/ghc-release/master/rts/PrimOps.cmm
https://raw.githubusercontent.com/jwiegley/ghc-release/master/tests/driver/T7835/test-prims.cmm
https://raw.githubusercontent.com/jwiegley/ghc-release/master/tests/driver/T9050.cmm
https://raw.githubusercontent.com/jwiegley/ghc-release/master/tests/cps/cps019.cmm
https://raw.githubusercontent.com/jwiegley/ghc-release/master/tests/cps/cps023.cmm
https://raw.githubusercontent.com/jwiegley/ghc-release/master/tests/cps/cps011.cmm
https://raw.githubusercontent.com/jwiegley/ghc-release/master/tests/cps/cps013.cmm
https://raw.githubusercontent.com/jwiegley/ghc-release/master/tests/cps/cps024.cmm
https://raw.githubusercontent.com/jwiegley/ghc-release/master/tests/cps/cps012.cmm
https://raw.githubusercontent.com/jwiegley/ghc-release/master/tests/rts/T5423_cmm.cmm
https://raw.githubusercontent.com/jwiegley/ghc-release/master/tests/llvm/should_compile/T8131.cmm
https://raw.githubusercontent.com/jwiegley/ghc-release/master/tests/codeGen/should_run/cgrun069_cmm.cmm
https://raw.githubusercontent.com/jwiegley/ghc-release/master/rts/HeapStackCheck.cmm
https://raw.githubusercontent.com/jwiegley/ghc-release/master/tests/cps/cps001.cmm
https://raw.githubusercontent.com/jwiegley/ghc-release/master/tests/codeGen/should_run/T5149_cmm.cmm
https://raw.githubusercontent.com/anandkp92/waf/master/c/src/lib/libbsp/powerpc/t32mppc/init.cmm
https://raw.githubusercontent.com/inspiredengineering/canfestival3/master/examples/gene_SYNC_HCS12/trace32_flash_debug.cmm
